C51 COMPILER V9.00   ZK                                                                    12/29/2017 22:30:19 PAGE 1   


C51 COMPILER V9.00, COMPILATION OF MODULE ZK
OBJECT MODULE PLACED IN ZK.OBJ
COMPILER INVOKED BY: H:\Program Files (x86)\C51\C51\BIN\C51.EXE ZK.c ROM(COMPACT) BROWSE DEBUG OBJECTEXTEND

line level    source

   1          #include <ZK.h>
   2          char code fuhao[16]={/*--  文字:  -  --*/
   3                                                  /*--  宋体12;  此字体下对应的点阵为：宽x高=8x16   --*/
   4                                                  0x00,0x00,0x00,0x00,0x00,0x00,0x00,0x00,0x00,0x01,0x01,0x01,0x01,0x01,0x01,0x00
   5                                                  };
   6          /*-------单位---------*/
   7          char code an[16]={0x00,0x00,0xC0,0x38,0xE0,0x00,0x00,0x00,0x20,0x3C,0x23,0x02,0x02,0x27,0x38,0x20};
   8          char code fu[16]={0x08,0x78,0x88,0x00,0x00,0xC8,0x38,0x08,0x00,0x00,0x07,0x38,0x0E,0x01,0x00,0x00};
   9          char code wa[16]={0x08,0xF8,0x00,0xF8,0x00,0xF8,0x08,0x00,0x00,0x03,0x3E,0x01,0x3E,0x03,0x00,0x00};
  10          /*-------数字---------*/
  11          char code num0[16]={0x00,0xE0,0x10,0x08,0x08,0x10,0xE0,0x00,0x00,0x0F,0x10,0x20,0x20,0x10,0x0F,0x00};
  12          char code num1[16]={0x00,0x00,0x10,0x10,0xF8,0x00,0x00,0x00,0x00,0x00,0x20,0x20,0x3F,0x20,0x20,0x00};
  13          char code num2[16]={0x00,0x70,0x08,0x08,0x08,0x08,0xF0,0x00,0x00,0x30,0x28,0x24,0x22,0x21,0x30,0x00};
  14          char code num3[16]={0x00,0x30,0x08,0x08,0x08,0x88,0x70,0x00,0x00,0x18,0x20,0x21,0x21,0x22,0x1C,0x00};
  15          char code num4[16]={0x00,0x00,0x80,0x40,0x30,0xF8,0x00,0x00,0x00,0x06,0x05,0x24,0x24,0x3F,0x24,0x24};
  16          char code num5[16]={0x00,0xF8,0x88,0x88,0x88,0x08,0x08,0x00,0x00,0x19,0x20,0x20,0x20,0x11,0x0E,0x00};
  17          char code num6[16]={0x00,0xE0,0x10,0x88,0x88,0x90,0x00,0x00,0x00,0x0F,0x11,0x20,0x20,0x20,0x1F,0x00};
  18          char code num7[16]={0x00,0x18,0x08,0x08,0x88,0x68,0x18,0x00,0x00,0x00,0x00,0x3E,0x01,0x00,0x00,0x00};
  19          char code num8[16]={0x00,0x70,0x88,0x08,0x08,0x88,0x70,0x00,0x00,0x1C,0x22,0x21,0x21,0x22,0x1C,0x00};
  20          char code num9[16]={0x00,0xF0,0x08,0x08,0x08,0x10,0xE0,0x00,0x00,0x01,0x12,0x22,0x22,0x11,0x0F,0x00};
  21          char code *num[10]={num0,num1,num2,num3,num4,num5,num6,num7,num8,num9};
  22          /*-------符号---------*/
  23          char code dot[16]={0x00,0x00,0x00,0x00,0x00,0x00,0x00,0x00,0x00,0x30,0x30,0x00,0x00,0x00,0x00,0x00};
  24          char code fenghao[16]={0x00,0x00,0x00,0xC0,0xC0,0x00,0x00,0x00,0x00,0x00,0x00,0x30,0x30,0x00,0x00,0x00};
  25          /*-------汉字---------*/
  26          char code yao[32]={0x80,0x80,0x88,0xC8,0xD8,0x98,0xD0,0xD8,0x9C,0xFE,0x76,0x7C,0x58,0x08,0x00,0x00,
  27                                          0x10,0x10,0x17,0x1F,0x1E,0x3B,0x2F,0x2E,0x2F,0x6F,0x6B,0x4F,0x4F,0x41,0x41,0x00};
  28          char code ce[32]={0x00,0x40,0xC8,0xC8,0x88,0xF8,0xF8,0xE8,0xF8,0xF8,0xE0,0xE0,0xFC,0xFC,0xFC,0x00,
  29                                          0x00,0x0C,0x0E,0x27,0x33,0x3B,0x1F,0x07,0x1F,0x1B,0x13,0x33,0x7F,0x7F,0x3F,0x00};
  30          char code zhong[32]={0x00,0xC0,0xE0,0xF8,0xD8,0xE8,0x60,0x70,0xFC,0xDC,0xF4,0xB0,0x10,0x00,0x00,0x00,
  31                                          0x00,0x12,0x12,0x1B,0x1B,0x0A,0x0A,0x03,0x15,0x34,0x64,0x61,0x01,0x03,0x02,0x00};
  32          char code duan[32]={0x00,0x40,0x40,0x48,0xC8,0xE8,0xE0,0x38,0x38,0xBE,0xBE,0xBC,0xB8,0xB8,0x08,0x00,
  33                                          0x10,0x18,0x1B,0x0B,0x0F,0x07,0x3D,0x3D,0x1F,0x1F,0x3D,0x3E,0x66,0x7E,0x7E,0x00};
  34          char code di[32]={0x08,0x04,0x93,0x92,0x96,0x9A,0x92,0xFA,0x94,0x93,0x92,0x96,0xFA,0x02,0x02,0x00,
  35                                          0x40,0x40,0x47,0x24,0x24,0x14,0x0C,0xFF,0x04,0x04,0x24,0x44,0x24,0x1C,0x00,0x00};
  36          char code lu[32]={0x00,0x3E,0x22,0xE2,0x22,0x3E,0x00,0x10,0x88,0x57,0x24,0x54,0x8C,0x00,0x00,0x00,
  37                                          0x40,0x7E,0x40,0x3F,0x22,0x22,0x00,0x01,0xFE,0x42,0x42,0x42,0xFE,0x01,0x01,0x00};
  38          
  39          
  40          char code dianya[16] =  {
  41                                                          /*--  文字:  U  --*/
  42                                                          /*--  宋体12;  此字体下对应的点阵为：宽x高=8x16   --*/
  43                                                          0x08,0xF8,0x08,0x00,0x00,0x08,0xF8,0x08,0x00,0x1F,0x20,0x20,0x20,0x20,0x1F,0x00
  44                                        };
  45          char code zimu_a[16] = {
  46                                                          /*--  文字:  a  --*/
  47                                                          /*--  宋体12;  此字体下对应的点阵为：宽x高=8x16   --*/
  48                                                          0x00,0x00,0x80,0x80,0x80,0x00,0x00,0x00,0x00,0x19,0x24,0x24,0x12,0x3F,0x20,0x00
  49                                            };
  50          char code zimu_b[16] = {
  51                                                          /*--  文字:  b  --*/
  52                                                          /*--  宋体12;  此字体下对应的点阵为：宽x高=8x16   --*/
  53                                                          0x10,0xF0,0x00,0x80,0x80,0x00,0x00,0x00,0x00,0x3F,0x11,0x20,0x20,0x11,0x0E,0x00
  54                                            };
  55          char code zimu_c[16] = {
C51 COMPILER V9.00   ZK                                                                    12/29/2017 22:30:19 PAGE 2   

  56                                                          /*--  文字:  c  --*/
  57                                                          /*--  宋体12;  此字体下对应的点阵为：宽x高=8x16   --*/
  58                                                          0x00,0x00,0x00,0x80,0x80,0x80,0x00,0x00,0x00,0x0E,0x11,0x20,0x20,0x20,0x11,0x00
  59                                            };
  60          char code dianliu[16]= {
  61                                                          /*--  文字:  I  --*/
  62                                                          /*--  宋体12;  此字体下对应的点阵为：宽x高=8x16   --*/
  63                                                          0x00,0x08,0x08,0xF8,0x08,0x08,0x00,0x00,0x00,0x20,0x20,0x3F,0x20,0x20,0x00,0x00
  64                                            };
  65          
  66          char code effective_P[16] = {
  67                                                          /*--  文字:  P  --*/
  68                                                          /*--  宋体12;  此字体下对应的点阵为：宽x高=8x16   --*/
  69                                                          0x08,0xF8,0x08,0x08,0x08,0x08,0xF0,0x00,0x20,0x3F,0x21,0x01,0x01,0x01,0x00,0x00
  70                                                  };
  71          char code reactive_P[16] = {
  72                                                          /*--  文字:  Q  --*/
  73                                                          /*--  宋体12;  此字体下对应的点阵为：宽x高=8x16   --*/
  74                                                          0xE0,0x10,0x08,0x08,0x08,0x10,0xE0,0x00,0x0F,0x10,0x28,0x28,0x30,0x50,0x4F,0x00
  75                                            };
  76          char code yi[32] = {
  77                                                          /*-- 文字:  异--*/
  78                                                          /*-- 宋体12; 此字体下对应的点阵为：宽x高=16x16 --*/
  79                                                          0x00,0x00,0x7E,0x92,0x92,0x92,0x92,0x92,0x92,0x92,0x92,0x9E,0x80,0xE0,0x00,0x00,
  80                                                          0x08,0x88,0x48,0x28,0x1E,0x08,0x08,0x08,0x08,0x08,0xFE,0x08,0x08,0x08,0x08,0x00
  81                                            };
  82          
  83          char code chang[32] = {
  84                                                          /*-- 文字:  常--*/
  85                                                          /*-- 宋体12; 此字体下对应的点阵为：宽x高=16x16 --*/
  86                                                          0x20,0x18,0x08,0xEA,0xAC,0xA8,0xA8,0xAF,0xA8,0xA8,0xAC,0xEA,0x08,0x28,0x18,0x00,
  87                                                          0x00,0x00,0x3E,0x02,0x02,0x02,0x02,0xFF,0x02,0x02,0x12,0x22,0x1E,0x00,0x00,0x00
  88                                            };
  89          char code xie[32] = {
  90                                                          /*--  文字:  谢  --*/
  91                                                          /*--  宋体12;  此字体下对应的点阵为：宽x高=16x16   --*/
  92                                                          0x40,0x42,0xCC,0x00,0x00,0xFC,0x56,0x55,0xFC,0x80,0x10,0x10,0xFF,0x10,0x10,0x00,
  93                                                          0x00,0x00,0x3F,0x10,0x2A,0x13,0x4A,0x86,0x7F,0x00,0x43,0x80,0x7F,0x00,0x00,0x00
  94                                            };
  95          char code shi[32] = {
  96                                                          /*--  文字:  使  --*/
  97                                                          /*--  宋体12;  此字体下对应的点阵为：宽x高=16x16   --*/
  98                                                          0x80,0x60,0xF8,0x07,0x04,0xE4,0x24,0x24,0x24,0xFF,0x24,0x24,0x24,0xE4,0x04,0x00,
  99                                                          0x00,0x00,0xFF,0x00,0x80,0x81,0x45,0x29,0x11,0x2F,0x41,0x41,0x81,0x81,0x80,0x00
 100                                            };
 101          char code yong[32] = {
 102                                                          /*--  文字:  用  --*/
 103                                                          /*--  宋体12;  此字体下对应的点阵为：宽x高=16x16   --*/
 104                                                          0x00,0x00,0xFE,0x22,0x22,0x22,0x22,0xFE,0x22,0x22,0x22,0x22,0xFE,0x00,0x00,0x00,
 105                                                          0x80,0x60,0x1F,0x02,0x02,0x02,0x02,0x7F,0x02,0x02,0x42,0x82,0x7F,0x00,0x00,0x00
 106                                            };


MODULE INFORMATION:   STATIC OVERLAYABLE
   CODE SIZE        =   ----    ----
   CONSTANT SIZE    =    720    ----
   XDATA SIZE       =   ----    ----
   PDATA SIZE       =   ----    ----
   DATA SIZE        =     20    ----
   IDATA SIZE       =   ----    ----
   BIT SIZE         =   ----    ----
END OF MODULE INFORMATION.

C51 COMPILER V9.00   ZK                                                                    12/29/2017 22:30:19 PAGE 3   


C51 COMPILATION COMPLETE.  0 WARNING(S),  0 ERROR(S)
